2024/09/18 22:37:23 [notice] 1#1: using the "epoll" event method
2024/09/18 22:37:23 [notice] 1#1: nginx/1.27.1
2024/09/18 22:37:23 [notice] 1#1: built by gcc 12.2.0 (Debian 12.2.0-14) 
2024/09/18 22:37:23 [notice] 1#1: OS: Linux 6.8.0-45-generic
2024/09/18 22:37:23 [notice] 1#1: getrlimit(RLIMIT_NOFILE): 1048576:1048576
2024/09/18 22:37:23 [notice] 1#1: start worker processes
2024/09/18 22:37:23 [notice] 1#1: start worker process 22
2024/09/18 22:37:23 [notice] 1#1: start worker process 23
2024/09/18 22:37:23 [notice] 1#1: start worker process 24
2024/09/18 22:37:23 [notice] 1#1: start worker process 25
2024/09/18 22:48:02 [emerg] 1#1: unknown "workdir" variable
2024/09/18 22:52:06 [notice] 1#1: using the "epoll" event method
2024/09/18 22:52:06 [notice] 1#1: nginx/1.27.1
2024/09/18 22:52:06 [notice] 1#1: built by gcc 12.2.0 (Debian 12.2.0-14) 
2024/09/18 22:52:06 [notice] 1#1: OS: Linux 6.8.0-45-generic
2024/09/18 22:52:06 [notice] 1#1: getrlimit(RLIMIT_NOFILE): 1048576:1048576
2024/09/18 22:52:06 [notice] 1#1: start worker processes
2024/09/18 22:52:06 [notice] 1#1: start worker process 28
2024/09/18 22:52:06 [notice] 1#1: start worker process 29
2024/09/18 22:52:06 [notice] 1#1: start worker process 30
2024/09/18 22:52:06 [notice] 1#1: start worker process 31
2024/09/18 22:52:40 [error] 28#28: *1 cycle while evaluating variable "workdir", client: 172.19.0.1, server: , request: "GET / HTTP/1.1", host: "localhost:8080"
2024/09/18 22:52:40 [error] 28#28: *1 cycle while evaluating variable "workdir", client: 172.19.0.1, server: , request: "GET / HTTP/1.1", host: "localhost:8080"
2024/09/18 22:52:40 [error] 28#28: *1 cycle while evaluating variable "workdir", client: 172.19.0.1, server: , request: "GET /favicon.ico HTTP/1.1", host: "localhost:8080", referrer: "http://localhost:8080/"
2024/09/18 22:52:40 [error] 28#28: *1 cycle while evaluating variable "workdir", client: 172.19.0.1, server: , request: "GET /favicon.ico HTTP/1.1", host: "localhost:8080", referrer: "http://localhost:8080/"
2024/09/18 22:53:12 [notice] 1#1: using the "epoll" event method
2024/09/18 22:53:12 [notice] 1#1: nginx/1.27.1
2024/09/18 22:53:12 [notice] 1#1: built by gcc 12.2.0 (Debian 12.2.0-14) 
2024/09/18 22:53:12 [notice] 1#1: OS: Linux 6.8.0-45-generic
2024/09/18 22:53:12 [notice] 1#1: getrlimit(RLIMIT_NOFILE): 1048576:1048576
2024/09/18 22:53:12 [notice] 1#1: start worker processes
2024/09/18 22:53:12 [notice] 1#1: start worker process 28
2024/09/18 22:53:12 [notice] 1#1: start worker process 29
2024/09/18 22:53:12 [notice] 1#1: start worker process 30
2024/09/18 22:53:12 [notice] 1#1: start worker process 31
2024/09/18 22:55:31 [notice] 1#1: using the "epoll" event method
2024/09/18 22:55:31 [notice] 1#1: nginx/1.27.1
2024/09/18 22:55:31 [notice] 1#1: built by gcc 12.2.0 (Debian 12.2.0-14) 
2024/09/18 22:55:31 [notice] 1#1: OS: Linux 6.8.0-45-generic
2024/09/18 22:55:31 [notice] 1#1: getrlimit(RLIMIT_NOFILE): 1048576:1048576
2024/09/18 22:55:31 [notice] 1#1: start worker processes
2024/09/18 22:55:31 [notice] 1#1: start worker process 28
2024/09/18 22:55:31 [notice] 1#1: start worker process 29
2024/09/18 22:55:31 [notice] 1#1: start worker process 30
2024/09/18 22:55:31 [notice] 1#1: start worker process 31
2024/09/18 22:55:49 [error] 28#28: *1 cycle while evaluating variable "workdir", client: 172.19.0.1, server: , request: "GET / HTTP/1.1", host: "localhost:8080"
2024/09/18 22:55:49 [error] 28#28: *1 cycle while evaluating variable "workdir", client: 172.19.0.1, server: , request: "GET / HTTP/1.1", host: "localhost:8080"
2024/09/18 22:55:50 [error] 28#28: *1 cycle while evaluating variable "workdir", client: 172.19.0.1, server: , request: "GET / HTTP/1.1", host: "localhost:8080"
2024/09/18 22:55:50 [error] 28#28: *1 cycle while evaluating variable "workdir", client: 172.19.0.1, server: , request: "GET / HTTP/1.1", host: "localhost:8080"
2024/09/18 22:55:50 [error] 28#28: *1 cycle while evaluating variable "workdir", client: 172.19.0.1, server: , request: "GET / HTTP/1.1", host: "localhost:8080"
2024/09/18 22:55:50 [error] 28#28: *1 cycle while evaluating variable "workdir", client: 172.19.0.1, server: , request: "GET / HTTP/1.1", host: "localhost:8080"
2024/09/18 22:55:50 [error] 28#28: *1 cycle while evaluating variable "workdir", client: 172.19.0.1, server: , request: "GET / HTTP/1.1", host: "localhost:8080"
2024/09/18 22:55:50 [error] 28#28: *1 cycle while evaluating variable "workdir", client: 172.19.0.1, server: , request: "GET / HTTP/1.1", host: "localhost:8080"
2024/09/18 22:55:51 [error] 28#28: *1 cycle while evaluating variable "workdir", client: 172.19.0.1, server: , request: "GET / HTTP/1.1", host: "localhost:8080"
2024/09/18 22:55:51 [error] 28#28: *1 cycle while evaluating variable "workdir", client: 172.19.0.1, server: , request: "GET / HTTP/1.1", host: "localhost:8080"
2024/09/18 22:55:51 [error] 28#28: *1 cycle while evaluating variable "workdir", client: 172.19.0.1, server: , request: "GET / HTTP/1.1", host: "localhost:8080"
2024/09/18 22:55:51 [error] 28#28: *1 cycle while evaluating variable "workdir", client: 172.19.0.1, server: , request: "GET / HTTP/1.1", host: "localhost:8080"
2024/09/18 22:55:51 [error] 28#28: *1 cycle while evaluating variable "workdir", client: 172.19.0.1, server: , request: "GET / HTTP/1.1", host: "localhost:8080"
2024/09/18 22:55:51 [error] 28#28: *1 cycle while evaluating variable "workdir", client: 172.19.0.1, server: , request: "GET / HTTP/1.1", host: "localhost:8080"
2024/09/18 22:55:51 [error] 28#28: *1 cycle while evaluating variable "workdir", client: 172.19.0.1, server: , request: "GET / HTTP/1.1", host: "localhost:8080"
2024/09/18 22:55:51 [error] 28#28: *1 cycle while evaluating variable "workdir", client: 172.19.0.1, server: , request: "GET / HTTP/1.1", host: "localhost:8080"
2024/09/18 22:55:51 [error] 28#28: *1 cycle while evaluating variable "workdir", client: 172.19.0.1, server: , request: "GET / HTTP/1.1", host: "localhost:8080"
2024/09/18 22:55:51 [error] 28#28: *1 cycle while evaluating variable "workdir", client: 172.19.0.1, server: , request: "GET / HTTP/1.1", host: "localhost:8080"
2024/09/18 22:55:52 [error] 28#28: *1 cycle while evaluating variable "workdir", client: 172.19.0.1, server: , request: "GET / HTTP/1.1", host: "localhost:8080"
2024/09/18 22:55:52 [error] 28#28: *1 cycle while evaluating variable "workdir", client: 172.19.0.1, server: , request: "GET / HTTP/1.1", host: "localhost:8080"
2024/09/18 22:55:52 [error] 28#28: *1 cycle while evaluating variable "workdir", client: 172.19.0.1, server: , request: "GET / HTTP/1.1", host: "localhost:8080"
2024/09/18 22:55:52 [error] 28#28: *1 cycle while evaluating variable "workdir", client: 172.19.0.1, server: , request: "GET / HTTP/1.1", host: "localhost:8080"
2024/09/18 22:56:37 [error] 28#28: *1 cycle while evaluating variable "workdir", client: 172.19.0.1, server: , request: "GET / HTTP/1.1", host: "localhost:8080"
2024/09/18 22:56:37 [error] 28#28: *1 cycle while evaluating variable "workdir", client: 172.19.0.1, server: , request: "GET / HTTP/1.1", host: "localhost:8080"
2024/09/18 23:04:07 [error] 29#29: *2 cycle while evaluating variable "workdir", client: 172.19.0.1, server: , request: "GET / HTTP/1.1", host: "localhost:8080"
2024/09/18 23:04:07 [error] 29#29: *2 cycle while evaluating variable "workdir", client: 172.19.0.1, server: , request: "GET / HTTP/1.1", host: "localhost:8080"
2024/09/18 23:04:09 [error] 29#29: *2 cycle while evaluating variable "workdir", client: 172.19.0.1, server: , request: "GET / HTTP/1.1", host: "localhost:8080"
2024/09/18 23:04:09 [error] 29#29: *2 cycle while evaluating variable "workdir", client: 172.19.0.1, server: , request: "GET / HTTP/1.1", host: "localhost:8080"
2024/09/18 23:04:09 [error] 29#29: *2 cycle while evaluating variable "workdir", client: 172.19.0.1, server: , request: "GET /favicon.ico HTTP/1.1", host: "localhost:8080", referrer: "http://localhost:8080/"
2024/09/18 23:04:09 [error] 29#29: *2 cycle while evaluating variable "workdir", client: 172.19.0.1, server: , request: "GET /favicon.ico HTTP/1.1", host: "localhost:8080", referrer: "http://localhost:8080/"
2024/09/18 23:09:31 [notice] 1#1: using the "epoll" event method
2024/09/18 23:09:31 [notice] 1#1: nginx/1.27.1
2024/09/18 23:09:31 [notice] 1#1: built by gcc 12.2.0 (Debian 12.2.0-14) 
2024/09/18 23:09:31 [notice] 1#1: OS: Linux 6.8.0-45-generic
2024/09/18 23:09:31 [notice] 1#1: getrlimit(RLIMIT_NOFILE): 1048576:1048576
2024/09/18 23:09:31 [notice] 1#1: start worker processes
2024/09/18 23:09:31 [notice] 1#1: start worker process 28
2024/09/18 23:09:31 [notice] 1#1: start worker process 29
2024/09/18 23:09:31 [notice] 1#1: start worker process 30
2024/09/18 23:09:31 [notice] 1#1: start worker process 31
2024/09/19 10:36:35 [notice] 1#1: signal 3 (SIGQUIT) received, shutting down
2024/09/19 10:36:35 [notice] 29#29: gracefully shutting down
2024/09/19 10:36:35 [notice] 29#29: exiting
2024/09/19 10:36:35 [notice] 30#30: gracefully shutting down
2024/09/19 10:36:35 [notice] 30#30: exiting
2024/09/19 10:36:35 [notice] 29#29: exit
2024/09/19 10:36:35 [notice] 30#30: exit
2024/09/19 10:36:35 [notice] 28#28: gracefully shutting down
2024/09/19 10:36:35 [notice] 28#28: exiting
2024/09/19 10:36:35 [notice] 31#31: gracefully shutting down
2024/09/19 10:36:35 [notice] 28#28: exit
2024/09/19 10:36:35 [notice] 31#31: exiting
2024/09/19 10:36:35 [notice] 31#31: exit
2024/09/19 10:36:35 [notice] 1#1: signal 17 (SIGCHLD) received from 28
2024/09/19 10:36:35 [notice] 1#1: worker process 28 exited with code 0
2024/09/19 10:36:35 [notice] 1#1: signal 29 (SIGIO) received
2024/09/19 10:36:35 [notice] 1#1: signal 17 (SIGCHLD) received from 29
2024/09/19 10:36:35 [notice] 1#1: worker process 29 exited with code 0
2024/09/19 10:36:35 [notice] 1#1: worker process 30 exited with code 0
2024/09/19 10:36:35 [notice] 1#1: worker process 31 exited with code 0
2024/09/19 10:36:35 [notice] 1#1: exit
2024/09/19 10:36:38 [notice] 1#1: using the "epoll" event method
2024/09/19 10:36:38 [notice] 1#1: nginx/1.27.1
2024/09/19 10:36:38 [notice] 1#1: built by gcc 12.2.0 (Debian 12.2.0-14) 
2024/09/19 10:36:38 [notice] 1#1: OS: Linux 6.8.0-45-generic
2024/09/19 10:36:38 [notice] 1#1: getrlimit(RLIMIT_NOFILE): 1048576:1048576
2024/09/19 10:36:38 [notice] 1#1: start worker processes
2024/09/19 10:36:38 [notice] 1#1: start worker process 28
2024/09/19 10:36:38 [notice] 1#1: start worker process 29
2024/09/19 10:36:38 [notice] 1#1: start worker process 30
2024/09/19 10:36:38 [notice] 1#1: start worker process 31
2024/09/19 20:53:06 [notice] 1#1: using the "epoll" event method
2024/09/19 20:53:06 [notice] 1#1: nginx/1.27.1
2024/09/19 20:53:06 [notice] 1#1: built by gcc 12.2.0 (Debian 12.2.0-14) 
2024/09/19 20:53:06 [notice] 1#1: OS: Linux 6.8.0-45-generic
2024/09/19 20:53:06 [notice] 1#1: getrlimit(RLIMIT_NOFILE): 1048576:1048576
2024/09/19 20:53:06 [notice] 1#1: start worker processes
2024/09/19 20:53:06 [notice] 1#1: start worker process 28
2024/09/19 20:53:06 [notice] 1#1: start worker process 29
2024/09/19 20:53:06 [notice] 1#1: start worker process 30
2024/09/19 20:53:06 [notice] 1#1: start worker process 31
2024/09/19 21:00:20 [notice] 1#1: signal 3 (SIGQUIT) received, shutting down
2024/09/19 21:00:20 [notice] 28#28: gracefully shutting down
2024/09/19 21:00:20 [notice] 28#28: exiting
2024/09/19 21:00:20 [notice] 28#28: exit
2024/09/19 21:00:20 [notice] 29#29: gracefully shutting down
2024/09/19 21:00:20 [notice] 29#29: exiting
2024/09/19 21:00:20 [notice] 29#29: exit
2024/09/19 21:00:20 [notice] 31#31: gracefully shutting down
2024/09/19 21:00:20 [notice] 31#31: exiting
2024/09/19 21:00:20 [notice] 31#31: exit
2024/09/19 21:00:20 [notice] 30#30: gracefully shutting down
2024/09/19 21:00:20 [notice] 30#30: exiting
2024/09/19 21:00:20 [notice] 30#30: exit
2024/09/19 21:00:20 [notice] 1#1: signal 17 (SIGCHLD) received from 31
2024/09/19 21:00:20 [notice] 1#1: worker process 31 exited with code 0
2024/09/19 21:00:20 [notice] 1#1: signal 29 (SIGIO) received
2024/09/19 21:00:20 [notice] 1#1: signal 17 (SIGCHLD) received from 30
2024/09/19 21:00:20 [notice] 1#1: worker process 28 exited with code 0
2024/09/19 21:00:20 [notice] 1#1: worker process 30 exited with code 0
2024/09/19 21:00:20 [notice] 1#1: signal 29 (SIGIO) received
2024/09/19 21:00:20 [notice] 1#1: signal 17 (SIGCHLD) received from 29
2024/09/19 21:00:20 [notice] 1#1: worker process 29 exited with code 0
2024/09/19 21:00:20 [notice] 1#1: exit
2024/09/19 21:29:35 [notice] 1#1: using the "epoll" event method
2024/09/19 21:29:35 [notice] 1#1: nginx/1.27.1
2024/09/19 21:29:35 [notice] 1#1: built by gcc 12.2.0 (Debian 12.2.0-14) 
2024/09/19 21:29:35 [notice] 1#1: OS: Linux 6.8.0-45-generic
2024/09/19 21:29:35 [notice] 1#1: getrlimit(RLIMIT_NOFILE): 1048576:1048576
2024/09/19 21:29:35 [notice] 1#1: start worker processes
2024/09/19 21:29:35 [notice] 1#1: start worker process 27
2024/09/19 21:29:35 [notice] 1#1: start worker process 28
2024/09/19 21:29:35 [notice] 1#1: start worker process 29
2024/09/19 21:29:35 [notice] 1#1: start worker process 30
2024/09/19 23:49:45 [notice] 1#1: signal 3 (SIGQUIT) received, shutting down
2024/09/19 23:49:45 [notice] 27#27: gracefully shutting down
2024/09/19 23:49:45 [notice] 28#28: gracefully shutting down
2024/09/19 23:49:45 [notice] 29#29: gracefully shutting down
2024/09/19 23:49:45 [notice] 27#27: exiting
2024/09/19 23:49:45 [notice] 28#28: exiting
2024/09/19 23:49:45 [notice] 29#29: exiting
2024/09/19 23:49:45 [notice] 27#27: exit
2024/09/19 23:49:45 [notice] 28#28: exit
2024/09/19 23:49:45 [notice] 29#29: exit
2024/09/19 23:49:45 [notice] 30#30: gracefully shutting down
2024/09/19 23:49:45 [notice] 30#30: exiting
2024/09/19 23:49:45 [notice] 30#30: exit
2024/09/19 23:49:46 [notice] 1#1: signal 17 (SIGCHLD) received from 30
2024/09/19 23:49:46 [notice] 1#1: worker process 30 exited with code 0
2024/09/19 23:49:46 [notice] 1#1: signal 29 (SIGIO) received
2024/09/19 23:49:46 [notice] 1#1: signal 17 (SIGCHLD) received from 29
2024/09/19 23:49:46 [notice] 1#1: worker process 29 exited with code 0
2024/09/19 23:49:46 [notice] 1#1: signal 29 (SIGIO) received
2024/09/19 23:49:46 [notice] 1#1: signal 17 (SIGCHLD) received from 28
2024/09/19 23:49:46 [notice] 1#1: worker process 28 exited with code 0
2024/09/19 23:49:46 [notice] 1#1: signal 29 (SIGIO) received
2024/09/19 23:49:46 [notice] 1#1: signal 17 (SIGCHLD) received from 27
2024/09/19 23:49:46 [notice] 1#1: worker process 27 exited with code 0
2024/09/19 23:49:46 [notice] 1#1: exit
2024/09/20 08:11:44 [notice] 1#1: using the "epoll" event method
2024/09/20 08:11:44 [notice] 1#1: nginx/1.27.1
2024/09/20 08:11:44 [notice] 1#1: built by gcc 12.2.0 (Debian 12.2.0-14) 
2024/09/20 08:11:44 [notice] 1#1: OS: Linux 6.8.0-45-generic
2024/09/20 08:11:44 [notice] 1#1: getrlimit(RLIMIT_NOFILE): 1048576:1048576
2024/09/20 08:11:44 [notice] 1#1: start worker processes
2024/09/20 08:11:44 [notice] 1#1: start worker process 28
2024/09/20 08:11:44 [notice] 1#1: start worker process 29
2024/09/20 08:11:44 [notice] 1#1: start worker process 30
2024/09/20 08:11:44 [notice] 1#1: start worker process 31
2024/09/20 11:13:39 [notice] 1#1: signal 3 (SIGQUIT) received, shutting down
2024/09/20 11:13:39 [notice] 29#29: gracefully shutting down
2024/09/20 11:13:39 [notice] 29#29: exiting
2024/09/20 11:13:39 [notice] 30#30: gracefully shutting down
2024/09/20 11:13:39 [notice] 30#30: exiting
2024/09/20 11:13:39 [notice] 29#29: exit
2024/09/20 11:13:39 [notice] 30#30: exit
2024/09/20 11:13:39 [notice] 31#31: gracefully shutting down
2024/09/20 11:13:39 [notice] 31#31: exiting
2024/09/20 11:13:39 [notice] 31#31: exit
2024/09/20 11:13:39 [notice] 28#28: gracefully shutting down
2024/09/20 11:13:39 [notice] 28#28: exiting
2024/09/20 11:13:39 [notice] 28#28: exit
2024/09/20 11:13:39 [notice] 1#1: signal 17 (SIGCHLD) received from 31
2024/09/20 11:13:39 [notice] 1#1: worker process 31 exited with code 0
2024/09/20 11:13:39 [notice] 1#1: signal 29 (SIGIO) received
2024/09/20 11:13:39 [notice] 1#1: signal 17 (SIGCHLD) received from 30
2024/09/20 11:13:39 [notice] 1#1: worker process 30 exited with code 0
2024/09/20 11:13:39 [notice] 1#1: signal 29 (SIGIO) received
2024/09/20 11:13:39 [notice] 1#1: signal 17 (SIGCHLD) received from 28
2024/09/20 11:13:39 [notice] 1#1: worker process 28 exited with code 0
2024/09/20 11:13:39 [notice] 1#1: signal 29 (SIGIO) received
2024/09/20 11:13:39 [notice] 1#1: signal 17 (SIGCHLD) received from 29
2024/09/20 11:13:39 [notice] 1#1: worker process 29 exited with code 0
2024/09/20 11:13:39 [notice] 1#1: exit
2024/09/20 20:58:22 [notice] 1#1: using the "epoll" event method
2024/09/20 20:58:22 [notice] 1#1: nginx/1.27.1
2024/09/20 20:58:22 [notice] 1#1: built by gcc 12.2.0 (Debian 12.2.0-14) 
2024/09/20 20:58:22 [notice] 1#1: OS: Linux 6.8.0-45-generic
2024/09/20 20:58:22 [notice] 1#1: getrlimit(RLIMIT_NOFILE): 1048576:1048576
2024/09/20 20:58:22 [notice] 1#1: start worker processes
2024/09/20 20:58:22 [notice] 1#1: start worker process 28
2024/09/20 20:58:22 [notice] 1#1: start worker process 29
2024/09/20 20:58:22 [notice] 1#1: start worker process 30
2024/09/20 20:58:22 [notice] 1#1: start worker process 31
2024/09/20 23:49:17 [notice] 1#1: signal 3 (SIGQUIT) received, shutting down
2024/09/20 23:49:17 [notice] 28#28: gracefully shutting down
2024/09/20 23:49:17 [notice] 30#30: gracefully shutting down
2024/09/20 23:49:17 [notice] 28#28: exiting
2024/09/20 23:49:17 [notice] 30#30: exiting
2024/09/20 23:49:17 [notice] 29#29: gracefully shutting down
2024/09/20 23:49:17 [notice] 28#28: exit
2024/09/20 23:49:17 [notice] 30#30: exit
2024/09/20 23:49:17 [notice] 29#29: exiting
2024/09/20 23:49:17 [notice] 29#29: exit
2024/09/20 23:49:17 [notice] 31#31: gracefully shutting down
2024/09/20 23:49:17 [notice] 31#31: exiting
2024/09/20 23:49:17 [notice] 31#31: exit
2024/09/20 23:49:17 [notice] 1#1: signal 17 (SIGCHLD) received from 30
2024/09/20 23:49:17 [notice] 1#1: worker process 30 exited with code 0
2024/09/20 23:49:17 [notice] 1#1: signal 29 (SIGIO) received
2024/09/20 23:49:17 [notice] 1#1: signal 17 (SIGCHLD) received from 28
2024/09/20 23:49:17 [notice] 1#1: worker process 28 exited with code 0
2024/09/20 23:49:17 [notice] 1#1: signal 29 (SIGIO) received
2024/09/20 23:49:17 [notice] 1#1: signal 17 (SIGCHLD) received from 31
2024/09/20 23:49:17 [notice] 1#1: worker process 29 exited with code 0
2024/09/20 23:49:17 [notice] 1#1: worker process 31 exited with code 0
2024/09/20 23:49:17 [notice] 1#1: exit
2024/09/21 09:03:06 [notice] 1#1: using the "epoll" event method
2024/09/21 09:03:06 [notice] 1#1: nginx/1.27.1
2024/09/21 09:03:06 [notice] 1#1: built by gcc 12.2.0 (Debian 12.2.0-14) 
2024/09/21 09:03:06 [notice] 1#1: OS: Linux 6.8.0-45-generic
2024/09/21 09:03:06 [notice] 1#1: getrlimit(RLIMIT_NOFILE): 1048576:1048576
2024/09/21 09:03:06 [notice] 1#1: start worker processes
2024/09/21 09:03:06 [notice] 1#1: start worker process 28
2024/09/21 09:03:06 [notice] 1#1: start worker process 29
2024/09/21 09:03:06 [notice] 1#1: start worker process 30
2024/09/21 09:03:06 [notice] 1#1: start worker process 31
